  we found a path in 351min !
  we found a path in 347min !
  we found a path in 329min !
  we found a path in 324min !
  we found a path in 318min !
  we found a path in 294min !
  we found a path in 286min !
  we found a path in 279min !
  we found a path in 277min !
  we found a path in 261min !
  we found a path in 251min !
  we found a path in 240min !
  we found a path in 238min !
  we found a path in 232min !
  we found a path in 351min!
  we found a path in 347min!
  we found a path in 329min!
  we found a path in 324min!
  we found a path in 318min!
  we found a path in 351min!
  we found a path in 347min!
  we found a path in 329min!
  we found a path in 324min!
  we found a path in 318min!
  we found a path in 294min!
  we found a path in 286min!
  we found a path in 351min!
  we found a path in 347min!
  we found a path in 329min!
  we found a path in 324min!
  we found a path in 318min!
  we found a path in 294min!
  we found a path in 286min!
  we found a path in 279min!
  we found a path in 351min!
  we found a path in 347min!
  we found a path in 329min!
  we found a path in 324min!
  we found a path in 318min!
  we found a path in 294min!
  we found a path in 286min!
  we found a path in 279min!
  we found a path in 277min!
  we found a path in 261min!
  we found a path in 351min!
  we found a path in 347min!
  we found a path in 329min!
  we found a path in 324min!
  we found a path in 318min!
after minute 0, E is at pos (1, 0)
  E can move from (1, 0) to (1, 1)
  E can stay at (1, 0)
after minute 1, E is at pos (1, 1)
  E can move from (1, 1) to (1, 2)
  E can stay at (1, 1)
after minute 2, E is at pos (1, 2)
  E can stay at (1, 2)
after minute 3, E is at pos (1, 2)
  we found a circle!
after minute 2, E is at pos (1, 1)
  we found a circle!
after minute 1, E is at pos (1, 0)
  we found a circle!
after minute 0, E is at pos (1, 0)
  E can move from (1, 0) to (1, 1)
  E can stay at (1, 0)
after minute 1, E is at pos (1, 1)
  E can move from (1, 1) to (1, 2)
  E can stay at (1, 1)
after minute 2, E is at pos (1, 2)
  E can stay at (1, 2)
after minute 3, E is at pos (1, 2)
  we found a circle!
after minute 2, E is at pos (1, 1)
  we found a circle!
after minute 1, E is at pos (1, 0)
  we found a circle!
after minute 0, E is at pos (1, 0)
  E can move from (1, 0) to (1, 1)
  E can stay at (1, 0)
after minute 1, E is at pos (1, 1)
  E can move from (1, 1) to (1, 2)
  E can stay at (1, 1)
after minute 2, E is at pos (1, 2)
  E can stay at (1, 2)
after minute 3, E is at pos (1, 2)
  we found a circle!
after minute 2, E is at pos (1, 1)
  we found a circle!
after minute 1, E is at pos (1, 0)
  we found a circle!
{(4, 4), (2, 4), (5, 4), (5, 1)}
after minute 0, E is at pos (1, 0)
  E can move from (1, 0) to (1, 1)
  E can stay at (1, 0)
after minute 1, E is at pos (1, 1)
  E can move from (1, 1) to (1, 2)
  E can stay at (1, 1)
after minute 2, E is at pos (1, 2)
  E can stay at (1, 2)
after minute 3, E is at pos (1, 2)
  we found a circle!
after minute 2, E is at pos (1, 1)
  we found a circle!
after minute 1, E is at pos (1, 0)
  we found a circle!
after minute 0, E is at pos (1, 0)
after minute 0, E is at pos (1, 0)
  E can move from (1, 0) to (1, 1)
  E can stay at (1, 0)
after minute 1, E is at pos (1, 1)
  E can move from (1, 1) to (1, 2)
  E can stay at (1, 1)
after minute 2, E is at pos (1, 2)
  E can stay at (1, 2)
after minute 3, E is at pos (1, 2)
  E can move from (1, 2) to (1, 1)
after minute 4, E is at pos (1, 1)
  E can move from (1, 1) to (2, 1)
after minute 5, E is at pos (2, 1)
  E can move from (2, 1) to (3, 1)
after minute 6, E is at pos (3, 1)
  E can move from (3, 1) to (3, 2)
after minute 7, E is at pos (3, 2)
  E can move from (3, 2) to (2, 2)
after minute 8, E is at pos (2, 2)
  E can move from (2, 2) to (1, 2)
  E can move from (2, 2) to (2, 1)
after minute 9, E is at pos (2, 1)
  E can move from (2, 1) to (1, 1)
  E can move from (2, 1) to (3, 1)
after minute 10, E is at pos (3, 1)
  E can stay at (3, 1)
after minute 11, E is at pos (3, 1)
  E can move from (3, 1) to (3, 2)
  E can stay at (3, 1)
after minute 12, E is at pos (3, 2)
  E can move from (3, 2) to (2, 2)
  E can move from (3, 2) to (3, 3)
  E can stay at (3, 2)
after minute 13, E is at pos (3, 3)
  E can move from (3, 3) to (4, 3)
  E can move from (3, 3) to (3, 4)
after minute 14, E is at pos (4, 3)
  E can move from (4, 3) to (5, 3)
  E can move from (4, 3) to (4, 2)
after minute 15, E is at pos (5, 3)
  E can move from (5, 3) to (6, 3)
  E can move from (5, 3) to (5, 2)
after minute 16, E is at pos (6, 3)
  E can move from (6, 3) to (6, 4)
after minute 17, E is at pos (6, 4)
  we found a path in 18min!
after minute 16, E is at pos (5, 2)
  This path will take longer than our current solution, let's kill it
after minute 15, E is at pos (4, 2)
  This path will take longer than our current solution, let's kill it
after minute 14, E is at pos (3, 4)
  This path will take longer than our current solution, let's kill it
after minute 13, E is at pos (3, 2)
  This path will take longer than our current solution, let's kill it
after minute 13, E is at pos (2, 2)
  This path will take longer than our current solution, let's kill it
after minute 12, E is at pos (3, 1)
  This path will take longer than our current solution, let's kill it
after minute 10, E is at pos (1, 1)
  This path will take longer than our current solution, let's kill it
after minute 9, E is at pos (1, 2)
  This path will take longer than our current solution, let's kill it
after minute 2, E is at pos (1, 1)
  E can move from (1, 1) to (1, 2)
after minute 3, E is at pos (1, 2)
  we found a circle!
after minute 1, E is at pos (1, 0)
  E can move from (1, 0) to (1, 1)
  E can stay at (1, 0)
after minute 2, E is at pos (1, 1)
  we found a circle!
after minute 2, E is at pos (1, 0)
  E can stay at (1, 0)
after minute 3, E is at pos (1, 0)
  E can move from (1, 0) to (1, 1)
  E can stay at (1, 0)
after minute 4, E is at pos (1, 1)
  we found a circle!
after minute 4, E is at pos (1, 0)
  E can stay at (1, 0)
after minute 5, E is at pos (1, 0)
  E can stay at (1, 0)
after minute 6, E is at pos (1, 0)
  E can move from (1, 0) to (1, 1)
  E can stay at (1, 0)
after minute 7, E is at pos (1, 1)
  E can move from (1, 1) to (1, 2)
  E can stay at (1, 1)
after minute 8, E is at pos (1, 2)
  E can stay at (1, 2)
after minute 9, E is at pos (1, 2)
  This path will take longer than our current solution, let's kill it
after minute 8, E is at pos (1, 1)
  This path will take longer than our current solution, let's kill it
after minute 7, E is at pos (1, 0)
  This path will take longer than our current solution, let's kill it
  we found a path in 351min!
  we found a path in 347min!
  we found a path in 329min!
  we found a path in 324min!
  we found a path in 318min!
  we found a path in 294min!
  we found a path in 286min!
  we found a path in 279min!
  we found a path in 277min!
  we found a path in 261min!
  we found a path in 251min!
  we found a path in 240min!
  we found a path in 238min!
  we found a path in 232min!
after minute 1, E is at pos (1, 1)
  E can stay at (1, 1)
after minute 2, E is at pos (1, 1)
  E can move from (1, 1) to (1, 2)
  E can stay at (1, 1)
after minute 3, E is at pos (1, 2)
  E can stay at (1, 2)
after minute 4, E is at pos (1, 2)
  E can move from (1, 2) to (1, 1)
after minute 5, E is at pos (1, 1)
  E can move from (1, 1) to (2, 1)
after minute 6, E is at pos (2, 1)
  E can move from (2, 1) to (3, 1)
after minute 7, E is at pos (3, 1)
  E can move from (3, 1) to (3, 2)
after minute 8, E is at pos (3, 2)
  E can move from (3, 2) to (2, 2)
after minute 9, E is at pos (2, 2)
  E can move from (2, 2) to (1, 2)
  E can move from (2, 2) to (2, 1)
after minute 10, E is at pos (2, 1)
  E can move from (2, 1) to (1, 1)
  E can move from (2, 1) to (3, 1)
after minute 11, E is at pos (3, 1)
  E can stay at (3, 1)
after minute 12, E is at pos (3, 1)
  E can move from (3, 1) to (3, 2)
  E can stay at (3, 1)
after minute 13, E is at pos (3, 2)
  E can move from (3, 2) to (2, 2)
  E can move from (3, 2) to (3, 3)
  E can stay at (3, 2)
after minute 14, E is at pos (3, 3)
  E can move from (3, 3) to (4, 3)
  E can move from (3, 3) to (3, 4)
after minute 15, E is at pos (4, 3)
  E can move from (4, 3) to (5, 3)
  E can move from (4, 3) to (4, 2)
after minute 16, E is at pos (5, 3)
  E can move from (5, 3) to (6, 3)
  E can move from (5, 3) to (5, 2)
after minute 17, E is at pos (6, 3)
  E can move from (6, 3) to (6, 4)
after minute 18, E is at pos (6, 4)
  E can move from (6, 4) to (5, 4)
after minute 19, E is at pos (5, 4)
  E can move from (5, 4) to (4, 4)
  E can stay at (5, 4)
after minute 20, E is at pos (5, 4)
  E can move from (5, 4) to (6, 4)
  E can move from (5, 4) to (5, 3)
after minute 21, E is at pos (6, 4)
  E can move from (6, 4) to (6, 3)
  E can stay at (6, 4)
after minute 22, E is at pos (6, 4)
  E can move from (6, 4) to (5, 4)
  E can move from (6, 4) to (6, 3)
  E can stay at (6, 4)
after minute 23, E is at pos (6, 4)
  E can stay at (6, 4)
after minute 24, E is at pos (6, 4)
  dead end: there is no options for position (6, 4) at minute 25
after minute 23, E is at pos (5, 4)
  E can move from (5, 4) to (4, 4)
  E can move from (5, 4) to (6, 4)
after minute 24, E is at pos (6, 4)
  we found a circle!
after minute 24, E is at pos (4, 4)
  dead end: there is no options for position (4, 4) at minute 25
after minute 23, E is at pos (6, 3)
  E can move from (6, 3) to (6, 4)
after minute 24, E is at pos (6, 4)
  we found a circle!
after minute 22, E is at pos (6, 3)
  E can move from (6, 3) to (6, 2)
  E can move from (6, 3) to (6, 4)
  E can stay at (6, 3)
after minute 23, E is at pos (6, 4)
  we found a circle!
after minute 23, E is at pos (6, 3)
  we found a circle!
after minute 23, E is at pos (6, 2)
  dead end: there is no options for position (6, 2) at minute 24
after minute 21, E is at pos (5, 3)
  E can move from (5, 3) to (6, 3)
after minute 22, E is at pos (6, 3)
  we found a circle!
after minute 20, E is at pos (4, 4)
  E can move from (4, 4) to (4, 3)
after minute 21, E is at pos (4, 3)
  E can move from (4, 3) to (4, 2)
after minute 22, E is at pos (4, 2)
  E can move from (4, 2) to (4, 1)
after minute 23, E is at pos (4, 1)
  E can move from (4, 1) to (3, 1)
  E can move from (4, 1) to (4, 2)
after minute 24, E is at pos (4, 2)
  E can move from (4, 2) to (3, 2)
  E can stay at (4, 2)
after minute 25, E is at pos (4, 2)
  E can move from (4, 2) to (3, 2)
  E can move from (4, 2) to (4, 1)
after minute 26, E is at pos (3, 2)
  dead end: there is no options for position (3, 2) at minute 27
after minute 26, E is at pos (4, 1)
  E can move from (4, 1) to (5, 1)
after minute 27, E is at pos (5, 1)
  E can move from (5, 1) to (6, 1)
after minute 28, E is at pos (6, 1)
  E can move from (6, 1) to (6, 2)
after minute 29, E is at pos (6, 2)
  E can move from (6, 2) to (5, 2)
after minute 30, E is at pos (5, 2)
  E can move from (5, 2) to (5, 1)
after minute 31, E is at pos (5, 1)
  E can move from (5, 1) to (6, 1)
after minute 32, E is at pos (6, 1)
  E can stay at (6, 1)
after minute 33, E is at pos (6, 1)
  E can move from (6, 1) to (6, 2)
  E can stay at (6, 1)
after minute 34, E is at pos (6, 2)
  E can move from (6, 2) to (6, 3)
  E can stay at (6, 2)
after minute 35, E is at pos (6, 3)
  we found a circle!
after minute 35, E is at pos (6, 2)
  we found a circle!
after minute 34, E is at pos (6, 1)
  E can move from (6, 1) to (6, 2)
after minute 35, E is at pos (6, 2)
  we found a circle!
after minute 25, E is at pos (3, 2)
  we found a circle!
after minute 24, E is at pos (3, 1)
  we found a circle!
after minute 17, E is at pos (5, 2)
  E can move from (5, 2) to (4, 2)
  E can stay at (5, 2)
after minute 18, E is at pos (5, 2)
  we found a circle!
after minute 18, E is at pos (4, 2)
  dead end: there is no options for position (4, 2) at minute 19
after minute 16, E is at pos (4, 2)
  E can move from (4, 2) to (3, 2)
  E can move from (4, 2) to (5, 2)
  E can move from (4, 2) to (4, 1)
after minute 17, E is at pos (5, 2)
  we found a circle!
after minute 17, E is at pos (3, 2)
  E can move from (3, 2) to (2, 2)
  E can move from (3, 2) to (4, 2)
after minute 18, E is at pos (4, 2)
  we found a circle!
after minute 18, E is at pos (2, 2)
  E can move from (2, 2) to (1, 2)
  E can move from (2, 2) to (2, 3)
after minute 19, E is at pos (2, 3)
  E can move from (2, 3) to (2, 4)
after minute 20, E is at pos (2, 4)
  E can move from (2, 4) to (1, 4)
after minute 21, E is at pos (1, 4)
  E can stay at (1, 4)
after minute 22, E is at pos (1, 4)
  E can move from (1, 4) to (2, 4)
  E can stay at (1, 4)
after minute 23, E is at pos (2, 4)
  E can move from (2, 4) to (1, 4)
  E can move from (2, 4) to (3, 4)
  E can move from (2, 4) to (2, 3)
after minute 24, E is at pos (3, 4)
  E can move from (3, 4) to (3, 3)
after minute 25, E is at pos (3, 3)
  E can move from (3, 3) to (3, 2)
  E can move from (3, 3) to (3, 4)
  E can stay at (3, 3)
after minute 26, E is at pos (3, 4)
  E can move from (3, 4) to (4, 4)
  E can stay at (3, 4)
after minute 27, E is at pos (4, 4)
  E can move from (4, 4) to (5, 4)
after minute 28, E is at pos (5, 4)
  E can move from (5, 4) to (6, 4)
after minute 29, E is at pos (6, 4)
  E can stay at (6, 4)
after minute 30, E is at pos (6, 4)
  we found a circle!
after minute 27, E is at pos (3, 4)
  E can move from (3, 4) to (2, 4)
after minute 28, E is at pos (2, 4)
  E can move from (2, 4) to (1, 4)
after minute 29, E is at pos (1, 4)
  E can move from (1, 4) to (1, 3)
  E can stay at (1, 4)
after minute 30, E is at pos (1, 4)
  E can move from (1, 4) to (2, 4)
after minute 31, E is at pos (2, 4)
  E can move from (2, 4) to (3, 4)
  E can stay at (2, 4)
after minute 32, E is at pos (3, 4)
  dead end: there is no options for position (3, 4) at minute 33
after minute 32, E is at pos (2, 4)
  we found a circle!
after minute 30, E is at pos (1, 3)
  E can move from (1, 3) to (2, 3)
  E can move from (1, 3) to (1, 2)
after minute 31, E is at pos (2, 3)
  we found a circle!
after minute 31, E is at pos (1, 2)
  E can move from (1, 2) to (1, 1)
after minute 32, E is at pos (1, 1)
  E can move from (1, 1) to (1, 2)
  E can stay at (1, 1)
after minute 33, E is at pos (1, 2)
  E can stay at (1, 2)
after minute 34, E is at pos (1, 2)
  E can move from (1, 2) to (1, 1)
after minute 35, E is at pos (1, 1)
  dead end: there is no options for position (1, 1) at minute 36
after minute 33, E is at pos (1, 1)
  E can move from (1, 1) to (2, 1)
  E can move from (1, 1) to (1, 2)
after minute 34, E is at pos (2, 1)
  we found a circle!
after minute 34, E is at pos (1, 2)
  we found a circle!
after minute 26, E is at pos (3, 3)
  we found a circle!
after minute 26, E is at pos (3, 2)
  we found a circle!
after minute 24, E is at pos (2, 3)
  E can move from (2, 3) to (3, 3)
after minute 25, E is at pos (3, 3)
  we found a circle!
after minute 24, E is at pos (1, 4)
  dead end: there is no options for position (1, 4) at minute 25
after minute 23, E is at pos (1, 4)
  E can move from (1, 4) to (1, 3)
  E can stay at (1, 4)
after minute 24, E is at pos (1, 4)
  we found a circle!
after minute 24, E is at pos (1, 3)
  E can move from (1, 3) to (1, 2)
after minute 25, E is at pos (1, 2)
  E can move from (1, 2) to (2, 2)
  E can move from (1, 2) to (1, 1)
after minute 26, E is at pos (2, 2)
  E can move from (2, 2) to (1, 2)
after minute 27, E is at pos (1, 2)
  we found a circle!
after minute 26, E is at pos (1, 1)
  we found a circle!
after minute 19, E is at pos (1, 2)
  we found a circle!
after minute 17, E is at pos (4, 1)
  E can move from (4, 1) to (4, 2)
  E can stay at (4, 1)
after minute 18, E is at pos (4, 2)
  we found a circle!
after minute 18, E is at pos (4, 1)
  E can move from (4, 1) to (3, 1)
  E can move from (4, 1) to (5, 1)
after minute 19, E is at pos (5, 1)
  we found a circle!
after minute 19, E is at pos (3, 1)
  we found a circle!
after minute 15, E is at pos (3, 4)
  we found a circle!
after minute 14, E is at pos (3, 2)
  we found a circle!
after minute 14, E is at pos (2, 2)
  we found a circle!
after minute 13, E is at pos (3, 1)
  E can move from (3, 1) to (4, 1)
  E can move from (3, 1) to (3, 2)
after minute 14, E is at pos (3, 2)
  we found a circle!
after minute 14, E is at pos (4, 1)
  we found a circle!
after minute 11, E is at pos (1, 1)
  we found a circle!
after minute 10, E is at pos (1, 2)
  we found a circle!
after minute 3, E is at pos (1, 1)
  E can move from (1, 1) to (1, 2)
after minute 4, E is at pos (1, 2)
  we found a circle!
after minute 1, E is at pos (6, 4)
  E can move from (6, 4) to (6, 3)
after minute 2, E is at pos (6, 3)
  E can move from (6, 3) to (6, 4)
after minute 3, E is at pos (6, 4)
  E can move from (6, 4) to (5, 4)
  E can move from (6, 4) to (6, 3)
  E can stay at (6, 4)
after minute 4, E is at pos (5, 4)
  E can move from (5, 4) to (6, 4)
after minute 5, E is at pos (6, 4)
  E can stay at (6, 4)
after minute 6, E is at pos (6, 4)
  E can move from (6, 4) to (5, 4)
after minute 7, E is at pos (5, 4)
  E can move from (5, 4) to (4, 4)
  E can stay at (5, 4)
after minute 8, E is at pos (4, 4)
  E can move from (4, 4) to (4, 3)
after minute 9, E is at pos (4, 3)
  E can move from (4, 3) to (4, 2)
after minute 10, E is at pos (4, 2)
  E can move from (4, 2) to (4, 1)
after minute 11, E is at pos (4, 1)
  E can move from (4, 1) to (3, 1)
  E can move from (4, 1) to (4, 2)
after minute 12, E is at pos (3, 1)
  E can move from (3, 1) to (3, 2)
  E can stay at (3, 1)
after minute 13, E is at pos (3, 1)
  E can move from (3, 1) to (4, 1)
  E can move from (3, 1) to (3, 2)
after minute 14, E is at pos (3, 2)
  dead end: there is no options for position (3, 2) at minute 15
after minute 14, E is at pos (4, 1)
  E can move from (4, 1) to (5, 1)
after minute 15, E is at pos (5, 1)
  E can move from (5, 1) to (6, 1)
after minute 16, E is at pos (6, 1)
  E can move from (6, 1) to (6, 2)
after minute 17, E is at pos (6, 2)
  E can move from (6, 2) to (5, 2)
after minute 18, E is at pos (5, 2)
  E can move from (5, 2) to (5, 1)
after minute 19, E is at pos (5, 1)
  E can move from (5, 1) to (6, 1)
after minute 20, E is at pos (6, 1)
  E can stay at (6, 1)
after minute 21, E is at pos (6, 1)
  E can move from (6, 1) to (6, 2)
  E can stay at (6, 1)
after minute 22, E is at pos (6, 1)
  E can move from (6, 1) to (6, 2)
after minute 23, E is at pos (6, 2)
  dead end: there is no options for position (6, 2) at minute 24
after minute 22, E is at pos (6, 2)
  E can move from (6, 2) to (6, 3)
  E can stay at (6, 2)
after minute 23, E is at pos (6, 2)
  we found a circle!
after minute 23, E is at pos (6, 3)
  E can move from (6, 3) to (6, 4)
after minute 24, E is at pos (6, 4)
  dead end: there is no options for position (6, 4) at minute 25
after minute 13, E is at pos (3, 2)
  E can move from (3, 2) to (2, 2)
  E can move from (3, 2) to (3, 3)
  E can stay at (3, 2)
after minute 14, E is at pos (2, 2)
  E can move from (2, 2) to (1, 2)
after minute 15, E is at pos (1, 2)
  E can stay at (1, 2)
after minute 16, E is at pos (1, 2)
  E can move from (1, 2) to (1, 1)
after minute 17, E is at pos (1, 1)
  E can move from (1, 1) to (2, 1)
after minute 18, E is at pos (2, 1)
  E can move from (2, 1) to (3, 1)
after minute 19, E is at pos (3, 1)
  E can move from (3, 1) to (3, 2)
after minute 20, E is at pos (3, 2)
  E can move from (3, 2) to (2, 2)
after minute 21, E is at pos (2, 2)
  E can move from (2, 2) to (1, 2)
  E can move from (2, 2) to (2, 1)
after minute 22, E is at pos (2, 1)
  E can move from (2, 1) to (1, 1)
  E can move from (2, 1) to (3, 1)
after minute 23, E is at pos (1, 1)
  dead end: there is no options for position (1, 1) at minute 24
after minute 23, E is at pos (3, 1)
  E can stay at (3, 1)
after minute 24, E is at pos (3, 1)
  we found a circle!
after minute 22, E is at pos (1, 2)
  E can move from (1, 2) to (1, 1)
after minute 23, E is at pos (1, 1)
  we found a circle!
after minute 14, E is at pos (3, 2)
  we found a circle!
after minute 14, E is at pos (3, 3)
  E can move from (3, 3) to (4, 3)
  E can move from (3, 3) to (3, 4)
after minute 15, E is at pos (4, 3)
  E can move from (4, 3) to (5, 3)
  E can move from (4, 3) to (4, 2)
after minute 16, E is at pos (4, 2)
  E can move from (4, 2) to (3, 2)
  E can move from (4, 2) to (5, 2)
  E can move from (4, 2) to (4, 1)
after minute 17, E is at pos (3, 2)
  E can move from (3, 2) to (2, 2)
  E can move from (3, 2) to (4, 2)
after minute 18, E is at pos (2, 2)
  E can move from (2, 2) to (1, 2)
  E can move from (2, 2) to (2, 3)
after minute 19, E is at pos (1, 2)
  E can move from (1, 2) to (1, 1)
after minute 20, E is at pos (1, 1)
  E can move from (1, 1) to (1, 2)
  E can stay at (1, 1)
after minute 21, E is at pos (1, 1)
  E can move from (1, 1) to (2, 1)
  E can move from (1, 1) to (1, 2)
after minute 22, E is at pos (2, 1)
  we found a circle!
after minute 22, E is at pos (1, 2)
  we found a circle!
after minute 21, E is at pos (1, 2)
  E can stay at (1, 2)
after minute 22, E is at pos (1, 2)
  we found a circle!
after minute 19, E is at pos (2, 3)
  E can move from (2, 3) to (2, 4)
after minute 20, E is at pos (2, 4)
  E can move from (2, 4) to (1, 4)
after minute 21, E is at pos (1, 4)
  E can stay at (1, 4)
after minute 22, E is at pos (1, 4)
  E can move from (1, 4) to (2, 4)
  E can stay at (1, 4)
after minute 23, E is at pos (1, 4)
  E can move from (1, 4) to (1, 3)
  E can stay at (1, 4)
after minute 24, E is at pos (1, 3)
  E can move from (1, 3) to (1, 2)
after minute 25, E is at pos (1, 2)
  E can move from (1, 2) to (2, 2)
  E can move from (1, 2) to (1, 1)
after minute 26, E is at pos (1, 1)
  E can move from (1, 1) to (1, 2)
  E can stay at (1, 1)
after minute 27, E is at pos (1, 1)
  E can move from (1, 1) to (1, 2)
after minute 28, E is at pos (1, 2)
  we found a circle!
after minute 27, E is at pos (1, 2)
  we found a circle!
after minute 26, E is at pos (2, 2)
  we found a circle!
after minute 24, E is at pos (1, 4)
  dead end: there is no options for position (1, 4) at minute 25
after minute 23, E is at pos (2, 4)
  E can move from (2, 4) to (1, 4)
  E can move from (2, 4) to (3, 4)
  E can move from (2, 4) to (2, 3)
after minute 24, E is at pos (2, 3)
  E can move from (2, 3) to (3, 3)
after minute 25, E is at pos (3, 3)
  E can move from (3, 3) to (3, 2)
  E can move from (3, 3) to (3, 4)
  E can stay at (3, 3)
after minute 26, E is at pos (3, 2)
  we found a circle!
after minute 26, E is at pos (3, 3)
  we found a circle!
after minute 26, E is at pos (3, 4)
  E can move from (3, 4) to (4, 4)
  E can stay at (3, 4)
after minute 27, E is at pos (3, 4)
  E can move from (3, 4) to (2, 4)
after minute 28, E is at pos (2, 4)
  E can move from (2, 4) to (1, 4)
after minute 29, E is at pos (1, 4)
  E can move from (1, 4) to (1, 3)
  E can stay at (1, 4)
after minute 30, E is at pos (1, 3)
  E can move from (1, 3) to (2, 3)
  E can move from (1, 3) to (1, 2)
after minute 31, E is at pos (1, 2)
  we found a circle!
after minute 31, E is at pos (2, 3)
  we found a circle!
after minute 30, E is at pos (1, 4)
  E can move from (1, 4) to (2, 4)
after minute 31, E is at pos (2, 4)
  E can move from (2, 4) to (3, 4)
  E can stay at (2, 4)
after minute 32, E is at pos (2, 4)
  we found a circle!
after minute 32, E is at pos (3, 4)
  dead end: there is no options for position (3, 4) at minute 33
after minute 27, E is at pos (4, 4)
  E can move from (4, 4) to (5, 4)
after minute 28, E is at pos (5, 4)
  we found a circle!
after minute 24, E is at pos (1, 4)
  we found a circle!
after minute 24, E is at pos (3, 4)
  E can move from (3, 4) to (3, 3)
after minute 25, E is at pos (3, 3)
  we found a circle!
after minute 18, E is at pos (4, 2)
  dead end: there is no options for position (4, 2) at minute 19
after minute 17, E is at pos (4, 1)
  E can move from (4, 1) to (4, 2)
  E can stay at (4, 1)
after minute 18, E is at pos (4, 1)
  E can move from (4, 1) to (3, 1)
  E can move from (4, 1) to (5, 1)
after minute 19, E is at pos (3, 1)
  we found a circle!
after minute 19, E is at pos (5, 1)
  we found a circle!
after minute 18, E is at pos (4, 2)
  we found a circle!
after minute 17, E is at pos (5, 2)
  E can move from (5, 2) to (4, 2)
  E can stay at (5, 2)
after minute 18, E is at pos (4, 2)
  we found a circle!
after minute 18, E is at pos (5, 2)
  we found a circle!
after minute 16, E is at pos (5, 3)
  E can move from (5, 3) to (6, 3)
  E can move from (5, 3) to (5, 2)
after minute 17, E is at pos (5, 2)
  we found a circle!
after minute 17, E is at pos (6, 3)
  E can move from (6, 3) to (6, 4)
after minute 18, E is at pos (6, 4)
  we found a circle!
after minute 15, E is at pos (3, 4)
  we found a circle!
after minute 12, E is at pos (4, 2)
  E can move from (4, 2) to (3, 2)
  E can stay at (4, 2)
after minute 13, E is at pos (3, 2)
  we found a circle!
after minute 13, E is at pos (4, 2)
  E can move from (4, 2) to (3, 2)
  E can move from (4, 2) to (4, 1)
after minute 14, E is at pos (3, 2)
  we found a circle!
after minute 14, E is at pos (4, 1)
  we found a circle!
after minute 8, E is at pos (5, 4)
  E can move from (5, 4) to (6, 4)
  E can move from (5, 4) to (5, 3)
after minute 9, E is at pos (5, 3)
  E can move from (5, 3) to (6, 3)
after minute 10, E is at pos (6, 3)
  E can move from (6, 3) to (6, 2)
  E can move from (6, 3) to (6, 4)
  E can stay at (6, 3)
after minute 11, E is at pos (6, 2)
  we found a circle!
after minute 11, E is at pos (6, 3)
  we found a circle!
after minute 11, E is at pos (6, 4)
  E can stay at (6, 4)
after minute 12, E is at pos (6, 4)
  we found a circle!
after minute 9, E is at pos (6, 4)
  E can move from (6, 4) to (6, 3)
  E can stay at (6, 4)
after minute 10, E is at pos (6, 3)
  we found a circle!
after minute 10, E is at pos (6, 4)
  E can move from (6, 4) to (5, 4)
  E can move from (6, 4) to (6, 3)
  E can stay at (6, 4)
after minute 11, E is at pos (5, 4)
  E can move from (5, 4) to (4, 4)
  E can move from (5, 4) to (6, 4)
after minute 12, E is at pos (4, 4)
  dead end: there is no options for position (4, 4) at minute 13
after minute 12, E is at pos (6, 4)
  we found a circle!
after minute 11, E is at pos (6, 3)
  we found a circle!
after minute 11, E is at pos (6, 4)
  we found a circle!
after minute 4, E is at pos (6, 3)
  E can move from (6, 3) to (6, 2)
  E can move from (6, 3) to (6, 4)
  E can stay at (6, 3)
after minute 5, E is at pos (6, 2)
  we found a circle!
after minute 5, E is at pos (6, 3)
  we found a circle!
after minute 5, E is at pos (6, 4)
  we found a circle!
after minute 4, E is at pos (6, 4)
  E can move from (6, 4) to (6, 3)
  E can stay at (6, 4)
after minute 5, E is at pos (6, 3)
  we found a circle!
after minute 5, E is at pos (6, 4)
  we found a circle!
after minute 1, E is at pos (1, 1)
  E can move from (1, 1) to (1, 2)
after minute 2, E is at pos (1, 2)
  E can move from (1, 2) to (1, 1)
after minute 3, E is at pos (1, 1)
  E can move from (1, 1) to (2, 1)
after minute 4, E is at pos (2, 1)
  E can move from (2, 1) to (3, 1)
after minute 5, E is at pos (3, 1)
  E can move from (3, 1) to (3, 2)
after minute 6, E is at pos (3, 2)
  E can move from (3, 2) to (2, 2)
after minute 7, E is at pos (2, 2)
  E can move from (2, 2) to (1, 2)
  E can move from (2, 2) to (2, 1)
after minute 8, E is at pos (2, 1)
  E can move from (2, 1) to (1, 1)
  E can move from (2, 1) to (3, 1)
after minute 9, E is at pos (3, 1)
  E can stay at (3, 1)
after minute 10, E is at pos (3, 1)
  E can move from (3, 1) to (3, 2)
  E can stay at (3, 1)
after minute 11, E is at pos (3, 2)
  E can move from (3, 2) to (2, 2)
  E can move from (3, 2) to (3, 3)
  E can stay at (3, 2)
after minute 12, E is at pos (3, 3)
  E can move from (3, 3) to (4, 3)
  E can move from (3, 3) to (3, 4)
after minute 13, E is at pos (4, 3)
  E can move from (4, 3) to (5, 3)
  E can move from (4, 3) to (4, 2)
after minute 14, E is at pos (5, 3)
  E can move from (5, 3) to (6, 3)
  E can move from (5, 3) to (5, 2)
after minute 15, E is at pos (6, 3)
  E can move from (6, 3) to (6, 4)
after minute 16, E is at pos (6, 4)
  E can move from (6, 4) to (5, 4)
after minute 17, E is at pos (5, 4)
  E can move from (5, 4) to (4, 4)
  E can stay at (5, 4)
after minute 18, E is at pos (5, 4)
  E can move from (5, 4) to (6, 4)
  E can move from (5, 4) to (5, 3)
after minute 19, E is at pos (6, 4)
  E can move from (6, 4) to (6, 3)
  E can stay at (6, 4)
after minute 20, E is at pos (6, 4)
  E can move from (6, 4) to (5, 4)
  E can move from (6, 4) to (6, 3)
  E can stay at (6, 4)
after minute 21, E is at pos (6, 4)
  E can stay at (6, 4)
after minute 22, E is at pos (6, 4)
  dead end: there is no options for position (6, 4) at minute 23
after minute 21, E is at pos (5, 4)
  E can move from (5, 4) to (4, 4)
  E can move from (5, 4) to (6, 4)
after minute 22, E is at pos (6, 4)
  we found a circle!
after minute 22, E is at pos (4, 4)
  dead end: there is no options for position (4, 4) at minute 23
after minute 21, E is at pos (6, 3)
  E can move from (6, 3) to (6, 4)
after minute 22, E is at pos (6, 4)
  we found a circle!
after minute 20, E is at pos (6, 3)
  E can move from (6, 3) to (6, 2)
  E can move from (6, 3) to (6, 4)
  E can stay at (6, 3)
after minute 21, E is at pos (6, 4)
  we found a circle!
after minute 21, E is at pos (6, 3)
  we found a circle!
after minute 21, E is at pos (6, 2)
  dead end: there is no options for position (6, 2) at minute 22
after minute 19, E is at pos (5, 3)
  E can move from (5, 3) to (6, 3)
after minute 20, E is at pos (6, 3)
  we found a circle!
after minute 18, E is at pos (4, 4)
  E can move from (4, 4) to (4, 3)
after minute 19, E is at pos (4, 3)
  E can move from (4, 3) to (4, 2)
after minute 20, E is at pos (4, 2)
  E can move from (4, 2) to (4, 1)
after minute 21, E is at pos (4, 1)
  E can move from (4, 1) to (3, 1)
  E can move from (4, 1) to (4, 2)
after minute 22, E is at pos (4, 2)
  E can move from (4, 2) to (3, 2)
  E can stay at (4, 2)
after minute 23, E is at pos (4, 2)
  E can move from (4, 2) to (3, 2)
  E can move from (4, 2) to (4, 1)
after minute 24, E is at pos (3, 2)
  dead end: there is no options for position (3, 2) at minute 25
after minute 24, E is at pos (4, 1)
  E can move from (4, 1) to (5, 1)
after minute 25, E is at pos (5, 1)
  E can move from (5, 1) to (6, 1)
after minute 26, E is at pos (6, 1)
  E can move from (6, 1) to (6, 2)
after minute 27, E is at pos (6, 2)
  E can move from (6, 2) to (5, 2)
after minute 28, E is at pos (5, 2)
  E can move from (5, 2) to (5, 1)
after minute 29, E is at pos (5, 1)
  E can move from (5, 1) to (6, 1)
after minute 30, E is at pos (6, 1)
  E can stay at (6, 1)
after minute 31, E is at pos (6, 1)
  E can move from (6, 1) to (6, 2)
  E can stay at (6, 1)
after minute 32, E is at pos (6, 2)
  E can move from (6, 2) to (6, 3)
  E can stay at (6, 2)
after minute 33, E is at pos (6, 3)
  we found a circle!
after minute 33, E is at pos (6, 2)
  we found a circle!
after minute 32, E is at pos (6, 1)
  E can move from (6, 1) to (6, 2)
after minute 33, E is at pos (6, 2)
  we found a circle!
after minute 23, E is at pos (3, 2)
  we found a circle!
after minute 22, E is at pos (3, 1)
  we found a circle!
after minute 15, E is at pos (5, 2)
  E can move from (5, 2) to (4, 2)
  E can stay at (5, 2)
after minute 16, E is at pos (5, 2)
  we found a circle!
after minute 16, E is at pos (4, 2)
  dead end: there is no options for position (4, 2) at minute 17
after minute 14, E is at pos (4, 2)
  E can move from (4, 2) to (3, 2)
  E can move from (4, 2) to (5, 2)
  E can move from (4, 2) to (4, 1)
after minute 15, E is at pos (5, 2)
  we found a circle!
after minute 15, E is at pos (3, 2)
  E can move from (3, 2) to (2, 2)
  E can move from (3, 2) to (4, 2)
after minute 16, E is at pos (4, 2)
  we found a circle!
after minute 16, E is at pos (2, 2)
  E can move from (2, 2) to (1, 2)
  E can move from (2, 2) to (2, 3)
after minute 17, E is at pos (2, 3)
  E can move from (2, 3) to (2, 4)
after minute 18, E is at pos (2, 4)
  E can move from (2, 4) to (1, 4)
after minute 19, E is at pos (1, 4)
  E can stay at (1, 4)
after minute 20, E is at pos (1, 4)
  E can move from (1, 4) to (2, 4)
  E can stay at (1, 4)
after minute 21, E is at pos (2, 4)
  E can move from (2, 4) to (1, 4)
  E can move from (2, 4) to (3, 4)
  E can move from (2, 4) to (2, 3)
after minute 22, E is at pos (3, 4)
  E can move from (3, 4) to (3, 3)
after minute 23, E is at pos (3, 3)
  E can move from (3, 3) to (3, 2)
  E can move from (3, 3) to (3, 4)
  E can stay at (3, 3)
after minute 24, E is at pos (3, 4)
  E can move from (3, 4) to (4, 4)
  E can stay at (3, 4)
after minute 25, E is at pos (4, 4)
  E can move from (4, 4) to (5, 4)
after minute 26, E is at pos (5, 4)
  E can move from (5, 4) to (6, 4)
after minute 27, E is at pos (6, 4)
  E can stay at (6, 4)
after minute 28, E is at pos (6, 4)
  we found a circle!
after minute 25, E is at pos (3, 4)
  E can move from (3, 4) to (2, 4)
after minute 26, E is at pos (2, 4)
  E can move from (2, 4) to (1, 4)
after minute 27, E is at pos (1, 4)
  E can move from (1, 4) to (1, 3)
  E can stay at (1, 4)
after minute 28, E is at pos (1, 4)
  E can move from (1, 4) to (2, 4)
after minute 29, E is at pos (2, 4)
  E can move from (2, 4) to (3, 4)
  E can stay at (2, 4)
after minute 30, E is at pos (3, 4)
  dead end: there is no options for position (3, 4) at minute 31
after minute 30, E is at pos (2, 4)
  we found a circle!
after minute 28, E is at pos (1, 3)
  E can move from (1, 3) to (2, 3)
  E can move from (1, 3) to (1, 2)
after minute 29, E is at pos (2, 3)
  we found a circle!
after minute 29, E is at pos (1, 2)
  E can move from (1, 2) to (1, 1)
after minute 30, E is at pos (1, 1)
  E can move from (1, 1) to (1, 2)
  E can stay at (1, 1)
after minute 31, E is at pos (1, 2)
  E can stay at (1, 2)
after minute 32, E is at pos (1, 2)
  E can move from (1, 2) to (1, 1)
after minute 33, E is at pos (1, 1)
  dead end: there is no options for position (1, 1) at minute 34
after minute 31, E is at pos (1, 1)
  E can move from (1, 1) to (2, 1)
  E can move from (1, 1) to (1, 2)
after minute 32, E is at pos (2, 1)
  we found a circle!
after minute 32, E is at pos (1, 2)
  we found a circle!
after minute 24, E is at pos (3, 3)
  we found a circle!
after minute 24, E is at pos (3, 2)
  we found a circle!
after minute 22, E is at pos (2, 3)
  E can move from (2, 3) to (3, 3)
after minute 23, E is at pos (3, 3)
  we found a circle!
after minute 22, E is at pos (1, 4)
  dead end: there is no options for position (1, 4) at minute 23
after minute 21, E is at pos (1, 4)
  E can move from (1, 4) to (1, 3)
  E can stay at (1, 4)
after minute 22, E is at pos (1, 4)
  we found a circle!
after minute 22, E is at pos (1, 3)
  E can move from (1, 3) to (1, 2)
after minute 23, E is at pos (1, 2)
  E can move from (1, 2) to (2, 2)
  E can move from (1, 2) to (1, 1)
after minute 24, E is at pos (2, 2)
  E can move from (2, 2) to (1, 2)
after minute 25, E is at pos (1, 2)
  E can stay at (1, 2)
after minute 26, E is at pos (1, 2)
  we found a circle!
after minute 24, E is at pos (1, 1)
  E can move from (1, 1) to (1, 2)
  E can stay at (1, 1)
after minute 25, E is at pos (1, 2)
  we found a circle!
after minute 25, E is at pos (1, 1)
  we found a circle!
after minute 17, E is at pos (1, 2)
  we found a circle!
after minute 15, E is at pos (4, 1)
  E can move from (4, 1) to (4, 2)
  E can stay at (4, 1)
after minute 16, E is at pos (4, 2)
  we found a circle!
after minute 16, E is at pos (4, 1)
  E can move from (4, 1) to (3, 1)
  E can move from (4, 1) to (5, 1)
after minute 17, E is at pos (5, 1)
  we found a circle!
after minute 17, E is at pos (3, 1)
  we found a circle!
after minute 13, E is at pos (3, 4)
  we found a circle!
after minute 12, E is at pos (3, 2)
  we found a circle!
after minute 12, E is at pos (2, 2)
  we found a circle!
after minute 11, E is at pos (3, 1)
  E can move from (3, 1) to (4, 1)
  E can move from (3, 1) to (3, 2)
after minute 12, E is at pos (3, 2)
  we found a circle!
after minute 12, E is at pos (4, 1)
  we found a circle!
after minute 9, E is at pos (1, 1)
  we found a circle!
after minute 8, E is at pos (1, 2)
  we found a circle!
part 1 took inf
part 2 took inf
part 3 took inf
after minute 0, E is at pos (1, 0)
  E can move from (1, 0) to (1, 1)
  E can stay at (1, 0)
after minute 1, E is at pos (1, 1)
  E can move from (1, 1) to (1, 2)
  E can stay at (1, 1)
after minute 2, E is at pos (1, 2)
  E can stay at (1, 2)
after minute 3, E is at pos (1, 2)
  E can move from (1, 2) to (1, 1)
after minute 4, E is at pos (1, 1)
  E can move from (1, 1) to (2, 1)
after minute 5, E is at pos (2, 1)
  E can move from (2, 1) to (3, 1)
after minute 6, E is at pos (3, 1)
  E can move from (3, 1) to (3, 2)
after minute 7, E is at pos (3, 2)
  E can move from (3, 2) to (2, 2)
after minute 8, E is at pos (2, 2)
  E can move from (2, 2) to (1, 2)
  E can move from (2, 2) to (2, 1)
after minute 9, E is at pos (2, 1)
  E can move from (2, 1) to (1, 1)
  E can move from (2, 1) to (3, 1)
after minute 10, E is at pos (3, 1)
  E can stay at (3, 1)
after minute 11, E is at pos (3, 1)
  E can move from (3, 1) to (3, 2)
  E can stay at (3, 1)
after minute 12, E is at pos (3, 2)
  E can move from (3, 2) to (2, 2)
  E can move from (3, 2) to (3, 3)
  E can stay at (3, 2)
after minute 13, E is at pos (3, 3)
  E can move from (3, 3) to (4, 3)
  E can move from (3, 3) to (3, 4)
after minute 14, E is at pos (4, 3)
  E can move from (4, 3) to (5, 3)
  E can move from (4, 3) to (4, 2)
after minute 15, E is at pos (5, 3)
  E can move from (5, 3) to (6, 3)
  E can move from (5, 3) to (5, 2)
after minute 16, E is at pos (6, 3)
  E can move from (6, 3) to (6, 4)
after minute 17, E is at pos (6, 4)
  E can move from (6, 4) to (5, 4)
after minute 18, E is at pos (5, 4)
  E can move from (5, 4) to (4, 4)
  E can stay at (5, 4)
after minute 19, E is at pos (5, 4)
  E can move from (5, 4) to (6, 4)
  E can move from (5, 4) to (5, 3)
after minute 20, E is at pos (6, 4)
  E can move from (6, 4) to (6, 3)
  E can stay at (6, 4)
after minute 21, E is at pos (6, 4)
  E can move from (6, 4) to (5, 4)
  E can move from (6, 4) to (6, 3)
  E can stay at (6, 4)
after minute 22, E is at pos (6, 4)
  E can stay at (6, 4)
after minute 23, E is at pos (6, 4)
  dead end: there is no options for position (6, 4) at minute 24
after minute 22, E is at pos (5, 4)
  E can move from (5, 4) to (4, 4)
  E can move from (5, 4) to (6, 4)
after minute 23, E is at pos (6, 4)
  we found a circle!
after minute 23, E is at pos (4, 4)
  dead end: there is no options for position (4, 4) at minute 24
after minute 22, E is at pos (6, 3)
  E can move from (6, 3) to (6, 4)
after minute 23, E is at pos (6, 4)
  we found a circle!
after minute 21, E is at pos (6, 3)
  E can move from (6, 3) to (6, 2)
  E can move from (6, 3) to (6, 4)
  E can stay at (6, 3)
after minute 22, E is at pos (6, 4)
  we found a circle!
after minute 22, E is at pos (6, 3)
  we found a circle!
after minute 22, E is at pos (6, 2)
  dead end: there is no options for position (6, 2) at minute 23
after minute 20, E is at pos (5, 3)
  E can move from (5, 3) to (6, 3)
after minute 21, E is at pos (6, 3)
  we found a circle!
after minute 19, E is at pos (4, 4)
  E can move from (4, 4) to (4, 3)
after minute 20, E is at pos (4, 3)
  E can move from (4, 3) to (4, 2)
after minute 21, E is at pos (4, 2)
  E can move from (4, 2) to (4, 1)
after minute 22, E is at pos (4, 1)
  E can move from (4, 1) to (3, 1)
  E can move from (4, 1) to (4, 2)
after minute 23, E is at pos (4, 2)
  E can move from (4, 2) to (3, 2)
  E can stay at (4, 2)
after minute 24, E is at pos (4, 2)
  E can move from (4, 2) to (3, 2)
  E can move from (4, 2) to (4, 1)
after minute 25, E is at pos (3, 2)
  dead end: there is no options for position (3, 2) at minute 26
after minute 25, E is at pos (4, 1)
  E can move from (4, 1) to (5, 1)
after minute 26, E is at pos (5, 1)
  E can move from (5, 1) to (6, 1)
after minute 27, E is at pos (6, 1)
  E can move from (6, 1) to (6, 2)
after minute 28, E is at pos (6, 2)
  E can move from (6, 2) to (5, 2)
after minute 29, E is at pos (5, 2)
  E can move from (5, 2) to (5, 1)
after minute 30, E is at pos (5, 1)
  E can move from (5, 1) to (6, 1)
after minute 31, E is at pos (6, 1)
  E can stay at (6, 1)
after minute 32, E is at pos (6, 1)
  E can move from (6, 1) to (6, 2)
  E can stay at (6, 1)
after minute 33, E is at pos (6, 2)
  E can move from (6, 2) to (6, 3)
  E can stay at (6, 2)
after minute 34, E is at pos (6, 3)
  we found a circle!
after minute 34, E is at pos (6, 2)
  we found a circle!
after minute 33, E is at pos (6, 1)
  E can move from (6, 1) to (6, 2)
after minute 34, E is at pos (6, 2)
  we found a circle!
after minute 24, E is at pos (3, 2)
  we found a circle!
after minute 23, E is at pos (3, 1)
  we found a circle!
after minute 16, E is at pos (5, 2)
  E can move from (5, 2) to (4, 2)
  E can stay at (5, 2)
after minute 17, E is at pos (5, 2)
  we found a circle!
after minute 17, E is at pos (4, 2)
  dead end: there is no options for position (4, 2) at minute 18
after minute 15, E is at pos (4, 2)
  E can move from (4, 2) to (3, 2)
  E can move from (4, 2) to (5, 2)
  E can move from (4, 2) to (4, 1)
after minute 16, E is at pos (5, 2)
  we found a circle!
after minute 16, E is at pos (3, 2)
  E can move from (3, 2) to (2, 2)
  E can move from (3, 2) to (4, 2)
after minute 17, E is at pos (4, 2)
  we found a circle!
after minute 17, E is at pos (2, 2)
  E can move from (2, 2) to (1, 2)
  E can move from (2, 2) to (2, 3)
after minute 18, E is at pos (2, 3)
  E can move from (2, 3) to (2, 4)
after minute 19, E is at pos (2, 4)
  E can move from (2, 4) to (1, 4)
after minute 20, E is at pos (1, 4)
  E can stay at (1, 4)
after minute 21, E is at pos (1, 4)
  E can move from (1, 4) to (2, 4)
  E can stay at (1, 4)
after minute 22, E is at pos (2, 4)
  E can move from (2, 4) to (1, 4)
  E can move from (2, 4) to (3, 4)
  E can move from (2, 4) to (2, 3)
after minute 23, E is at pos (3, 4)
  E can move from (3, 4) to (3, 3)
after minute 24, E is at pos (3, 3)
  E can move from (3, 3) to (3, 2)
  E can move from (3, 3) to (3, 4)
  E can stay at (3, 3)
after minute 25, E is at pos (3, 4)
  E can move from (3, 4) to (4, 4)
  E can stay at (3, 4)
after minute 26, E is at pos (4, 4)
  E can move from (4, 4) to (5, 4)
after minute 27, E is at pos (5, 4)
  E can move from (5, 4) to (6, 4)
after minute 28, E is at pos (6, 4)
  E can stay at (6, 4)
after minute 29, E is at pos (6, 4)
  we found a circle!
after minute 26, E is at pos (3, 4)
  E can move from (3, 4) to (2, 4)
after minute 27, E is at pos (2, 4)
  E can move from (2, 4) to (1, 4)
after minute 28, E is at pos (1, 4)
  E can move from (1, 4) to (1, 3)
  E can stay at (1, 4)
after minute 29, E is at pos (1, 4)
  E can move from (1, 4) to (2, 4)
after minute 30, E is at pos (2, 4)
  E can move from (2, 4) to (3, 4)
  E can stay at (2, 4)
after minute 31, E is at pos (3, 4)
  dead end: there is no options for position (3, 4) at minute 32
after minute 31, E is at pos (2, 4)
  we found a circle!
after minute 29, E is at pos (1, 3)
  E can move from (1, 3) to (2, 3)
  E can move from (1, 3) to (1, 2)
after minute 30, E is at pos (2, 3)
  we found a circle!
after minute 30, E is at pos (1, 2)
  E can move from (1, 2) to (1, 1)
after minute 31, E is at pos (1, 1)
  E can move from (1, 1) to (1, 2)
  E can stay at (1, 1)
after minute 32, E is at pos (1, 2)
  E can stay at (1, 2)
after minute 33, E is at pos (1, 2)
  E can move from (1, 2) to (1, 1)
after minute 34, E is at pos (1, 1)
  dead end: there is no options for position (1, 1) at minute 35
after minute 32, E is at pos (1, 1)
  E can move from (1, 1) to (2, 1)
  E can move from (1, 1) to (1, 2)
after minute 33, E is at pos (2, 1)
  we found a circle!
after minute 33, E is at pos (1, 2)
  we found a circle!
after minute 25, E is at pos (3, 3)
  we found a circle!
after minute 25, E is at pos (3, 2)
  we found a circle!
after minute 23, E is at pos (2, 3)
  E can move from (2, 3) to (3, 3)
after minute 24, E is at pos (3, 3)
  we found a circle!
after minute 23, E is at pos (1, 4)
  dead end: there is no options for position (1, 4) at minute 24
after minute 22, E is at pos (1, 4)
  E can move from (1, 4) to (1, 3)
  E can stay at (1, 4)
after minute 23, E is at pos (1, 4)
  we found a circle!
after minute 23, E is at pos (1, 3)
  E can move from (1, 3) to (1, 2)
after minute 24, E is at pos (1, 2)
  E can move from (1, 2) to (2, 2)
  E can move from (1, 2) to (1, 1)
after minute 25, E is at pos (2, 2)
  E can move from (2, 2) to (1, 2)
after minute 26, E is at pos (1, 2)
  we found a circle!
after minute 25, E is at pos (1, 1)
  we found a circle!
after minute 18, E is at pos (1, 2)
  we found a circle!
after minute 16, E is at pos (4, 1)
  E can move from (4, 1) to (4, 2)
  E can stay at (4, 1)
after minute 17, E is at pos (4, 2)
  we found a circle!
after minute 17, E is at pos (4, 1)
  E can move from (4, 1) to (3, 1)
  E can move from (4, 1) to (5, 1)
after minute 18, E is at pos (5, 1)
  we found a circle!
after minute 18, E is at pos (3, 1)
  we found a circle!
after minute 14, E is at pos (3, 4)
  we found a circle!
after minute 13, E is at pos (3, 2)
  we found a circle!
after minute 13, E is at pos (2, 2)
  we found a circle!
after minute 12, E is at pos (3, 1)
  E can move from (3, 1) to (4, 1)
  E can move from (3, 1) to (3, 2)
after minute 13, E is at pos (3, 2)
  we found a circle!
after minute 13, E is at pos (4, 1)
  we found a circle!
after minute 10, E is at pos (1, 1)
  we found a circle!
after minute 9, E is at pos (1, 2)
  we found a circle!
after minute 2, E is at pos (1, 1)
  E can move from (1, 1) to (1, 2)
after minute 3, E is at pos (1, 2)
  we found a circle!
after minute 1, E is at pos (1, 0)
  E can move from (1, 0) to (1, 1)
  E can stay at (1, 0)
after minute 2, E is at pos (1, 1)
  we found a circle!
after minute 2, E is at pos (1, 0)
  E can stay at (1, 0)
after minute 3, E is at pos (1, 0)
  E can move from (1, 0) to (1, 1)
  E can stay at (1, 0)
after minute 4, E is at pos (1, 1)
  we found a circle!
after minute 4, E is at pos (1, 0)
  E can stay at (1, 0)
after minute 5, E is at pos (1, 0)
  E can stay at (1, 0)
after minute 6, E is at pos (1, 0)
  E can move from (1, 0) to (1, 1)
  E can stay at (1, 0)
after minute 7, E is at pos (1, 1)
  we found a circle!
after minute 7, E is at pos (1, 0)
  E can move from (1, 0) to (1, 1)
  E can stay at (1, 0)
after minute 8, E is at pos (1, 1)
  we found a circle!
after minute 8, E is at pos (1, 0)
  E can stay at (1, 0)
after minute 9, E is at pos (1, 0)
  E can move from (1, 0) to (1, 1)
  E can stay at (1, 0)
after minute 10, E is at pos (1, 1)
  we found a circle!
after minute 10, E is at pos (1, 0)
  E can stay at (1, 0)
after minute 11, E is at pos (1, 0)
  E can stay at (1, 0)
after minute 12, E is at pos (1, 0)
  we found a circle!
after minute 0, E is at pos (1, 0)
  E can move from (1, 0) to (1, 1)
  E can stay at (1, 0)
after minute 1, E is at pos (1, 1)
  E can move from (1, 1) to (1, 2)
  E can stay at (1, 1)
after minute 2, E is at pos (1, 2)
  E can stay at (1, 2)
after minute 3, E is at pos (1, 2)
  E can move from (1, 2) to (1, 1)
after minute 4, E is at pos (1, 1)
  E can move from (1, 1) to (2, 1)
after minute 5, E is at pos (2, 1)
  E can move from (2, 1) to (3, 1)
after minute 6, E is at pos (3, 1)
  E can move from (3, 1) to (3, 2)
after minute 7, E is at pos (3, 2)
  E can move from (3, 2) to (2, 2)
after minute 8, E is at pos (2, 2)
  E can move from (2, 2) to (1, 2)
  E can move from (2, 2) to (2, 1)
after minute 9, E is at pos (2, 1)
  E can move from (2, 1) to (1, 1)
  E can move from (2, 1) to (3, 1)
after minute 10, E is at pos (3, 1)
  E can stay at (3, 1)
after minute 11, E is at pos (3, 1)
  E can move from (3, 1) to (3, 2)
  E can stay at (3, 1)
after minute 12, E is at pos (3, 2)
  E can move from (3, 2) to (2, 2)
  E can move from (3, 2) to (3, 3)
  E can stay at (3, 2)
after minute 13, E is at pos (3, 3)
  E can move from (3, 3) to (4, 3)
  E can move from (3, 3) to (3, 4)
after minute 14, E is at pos (4, 3)
  E can move from (4, 3) to (5, 3)
  E can move from (4, 3) to (4, 2)
after minute 15, E is at pos (5, 3)
  E can move from (5, 3) to (6, 3)
  E can move from (5, 3) to (5, 2)
after minute 16, E is at pos (6, 3)
  E can move from (6, 3) to (6, 4)
after minute 17, E is at pos (6, 4)
  E can move from (6, 4) to (5, 4)
after minute 18, E is at pos (5, 4)
  E can move from (5, 4) to (4, 4)
  E can stay at (5, 4)
after minute 19, E is at pos (5, 4)
  E can move from (5, 4) to (6, 4)
  E can move from (5, 4) to (5, 3)
after minute 20, E is at pos (6, 4)
  E can move from (6, 4) to (6, 3)
  E can stay at (6, 4)
after minute 21, E is at pos (6, 4)
  E can move from (6, 4) to (5, 4)
  E can move from (6, 4) to (6, 3)
  E can stay at (6, 4)
after minute 22, E is at pos (6, 4)
  E can stay at (6, 4)
after minute 23, E is at pos (6, 4)
  dead end: there is no options for position (6, 4) at minute 24
after minute 22, E is at pos (5, 4)
  E can move from (5, 4) to (4, 4)
  E can move from (5, 4) to (6, 4)
after minute 23, E is at pos (6, 4)
  we found a circle!
after minute 23, E is at pos (4, 4)
  dead end: there is no options for position (4, 4) at minute 24
after minute 22, E is at pos (6, 3)
  E can move from (6, 3) to (6, 4)
after minute 23, E is at pos (6, 4)
  we found a circle!
after minute 21, E is at pos (6, 3)
  E can move from (6, 3) to (6, 2)
  E can move from (6, 3) to (6, 4)
  E can stay at (6, 3)
after minute 22, E is at pos (6, 4)
  we found a circle!
after minute 22, E is at pos (6, 3)
  we found a circle!
after minute 22, E is at pos (6, 2)
  dead end: there is no options for position (6, 2) at minute 23
after minute 20, E is at pos (5, 3)
  E can move from (5, 3) to (6, 3)
after minute 21, E is at pos (6, 3)
  we found a circle!
after minute 19, E is at pos (4, 4)
  E can move from (4, 4) to (4, 3)
after minute 20, E is at pos (4, 3)
  E can move from (4, 3) to (4, 2)
after minute 21, E is at pos (4, 2)
  E can move from (4, 2) to (4, 1)
after minute 22, E is at pos (4, 1)
  E can move from (4, 1) to (3, 1)
  E can move from (4, 1) to (4, 2)
after minute 23, E is at pos (4, 2)
  E can move from (4, 2) to (3, 2)
  E can stay at (4, 2)
after minute 24, E is at pos (4, 2)
  E can move from (4, 2) to (3, 2)
  E can move from (4, 2) to (4, 1)
after minute 25, E is at pos (3, 2)
  dead end: there is no options for position (3, 2) at minute 26
after minute 25, E is at pos (4, 1)
  E can move from (4, 1) to (5, 1)
after minute 26, E is at pos (5, 1)
  E can move from (5, 1) to (6, 1)
after minute 27, E is at pos (6, 1)
  E can move from (6, 1) to (6, 2)
after minute 28, E is at pos (6, 2)
  E can move from (6, 2) to (5, 2)
after minute 29, E is at pos (5, 2)
  E can move from (5, 2) to (5, 1)
after minute 30, E is at pos (5, 1)
  E can move from (5, 1) to (6, 1)
after minute 31, E is at pos (6, 1)
  E can stay at (6, 1)
after minute 32, E is at pos (6, 1)
  E can move from (6, 1) to (6, 2)
  E can stay at (6, 1)
after minute 33, E is at pos (6, 2)
  E can move from (6, 2) to (6, 3)
  E can stay at (6, 2)
after minute 34, E is at pos (6, 3)
  we found a circle!
after minute 34, E is at pos (6, 2)
  we found a circle!
after minute 33, E is at pos (6, 1)
  E can move from (6, 1) to (6, 2)
after minute 34, E is at pos (6, 2)
  we found a circle!
after minute 24, E is at pos (3, 2)
  we found a circle!
after minute 23, E is at pos (3, 1)
  we found a circle!
after minute 16, E is at pos (5, 2)
  E can move from (5, 2) to (4, 2)
  E can stay at (5, 2)
after minute 17, E is at pos (5, 2)
  we found a circle!
after minute 17, E is at pos (4, 2)
  dead end: there is no options for position (4, 2) at minute 18
after minute 15, E is at pos (4, 2)
  E can move from (4, 2) to (3, 2)
  E can move from (4, 2) to (5, 2)
  E can move from (4, 2) to (4, 1)
after minute 16, E is at pos (5, 2)
  we found a circle!
after minute 16, E is at pos (3, 2)
  E can move from (3, 2) to (2, 2)
  E can move from (3, 2) to (4, 2)
after minute 17, E is at pos (4, 2)
  we found a circle!
after minute 17, E is at pos (2, 2)
  E can move from (2, 2) to (1, 2)
  E can move from (2, 2) to (2, 3)
after minute 18, E is at pos (2, 3)
  E can move from (2, 3) to (2, 4)
after minute 19, E is at pos (2, 4)
  E can move from (2, 4) to (1, 4)
after minute 20, E is at pos (1, 4)
  E can stay at (1, 4)
after minute 21, E is at pos (1, 4)
  E can move from (1, 4) to (2, 4)
  E can stay at (1, 4)
after minute 22, E is at pos (2, 4)
  E can move from (2, 4) to (1, 4)
  E can move from (2, 4) to (3, 4)
  E can move from (2, 4) to (2, 3)
after minute 23, E is at pos (3, 4)
  E can move from (3, 4) to (3, 3)
after minute 24, E is at pos (3, 3)
  E can move from (3, 3) to (3, 2)
  E can move from (3, 3) to (3, 4)
  E can stay at (3, 3)
after minute 25, E is at pos (3, 4)
  E can move from (3, 4) to (4, 4)
  E can stay at (3, 4)
after minute 26, E is at pos (4, 4)
  E can move from (4, 4) to (5, 4)
after minute 27, E is at pos (5, 4)
  E can move from (5, 4) to (6, 4)
after minute 28, E is at pos (6, 4)
  E can stay at (6, 4)
after minute 29, E is at pos (6, 4)
  we found a circle!
after minute 26, E is at pos (3, 4)
  E can move from (3, 4) to (2, 4)
after minute 27, E is at pos (2, 4)
  E can move from (2, 4) to (1, 4)
after minute 28, E is at pos (1, 4)
  E can move from (1, 4) to (1, 3)
  E can stay at (1, 4)
after minute 29, E is at pos (1, 4)
  E can move from (1, 4) to (2, 4)
after minute 30, E is at pos (2, 4)
  E can move from (2, 4) to (3, 4)
  E can stay at (2, 4)
after minute 31, E is at pos (3, 4)
  dead end: there is no options for position (3, 4) at minute 32
after minute 31, E is at pos (2, 4)
  we found a circle!
after minute 29, E is at pos (1, 3)
  E can move from (1, 3) to (2, 3)
  E can move from (1, 3) to (1, 2)
after minute 30, E is at pos (2, 3)
  we found a circle!
after minute 30, E is at pos (1, 2)
  E can move from (1, 2) to (1, 1)
after minute 31, E is at pos (1, 1)
  E can move from (1, 1) to (1, 2)
  E can stay at (1, 1)
after minute 32, E is at pos (1, 2)
  E can stay at (1, 2)
after minute 33, E is at pos (1, 2)
  E can move from (1, 2) to (1, 1)
after minute 34, E is at pos (1, 1)
  dead end: there is no options for position (1, 1) at minute 35
after minute 32, E is at pos (1, 1)
  E can move from (1, 1) to (2, 1)
  E can move from (1, 1) to (1, 2)
after minute 33, E is at pos (2, 1)
  we found a circle!
after minute 33, E is at pos (1, 2)
  we found a circle!
after minute 25, E is at pos (3, 3)
  we found a circle!
after minute 25, E is at pos (3, 2)
  we found a circle!
after minute 23, E is at pos (2, 3)
  E can move from (2, 3) to (3, 3)
after minute 24, E is at pos (3, 3)
  we found a circle!
after minute 23, E is at pos (1, 4)
  dead end: there is no options for position (1, 4) at minute 24
after minute 22, E is at pos (1, 4)
  E can move from (1, 4) to (1, 3)
  E can stay at (1, 4)
after minute 23, E is at pos (1, 4)
  we found a circle!
after minute 23, E is at pos (1, 3)
  E can move from (1, 3) to (1, 2)
after minute 24, E is at pos (1, 2)
  E can move from (1, 2) to (2, 2)
  E can move from (1, 2) to (1, 1)
after minute 25, E is at pos (2, 2)
  E can move from (2, 2) to (1, 2)
after minute 26, E is at pos (1, 2)
  we found a circle!
after minute 25, E is at pos (1, 1)
  we found a circle!
after minute 18, E is at pos (1, 2)
  we found a circle!
after minute 16, E is at pos (4, 1)
  E can move from (4, 1) to (4, 2)
  E can stay at (4, 1)
after minute 17, E is at pos (4, 2)
  we found a circle!
after minute 17, E is at pos (4, 1)
  E can move from (4, 1) to (3, 1)
  E can move from (4, 1) to (5, 1)
after minute 18, E is at pos (5, 1)
  we found a circle!
after minute 18, E is at pos (3, 1)
  we found a circle!
after minute 14, E is at pos (3, 4)
  we found a circle!
after minute 13, E is at pos (3, 2)
  we found a circle!
after minute 13, E is at pos (2, 2)
  we found a circle!
after minute 12, E is at pos (3, 1)
  E can move from (3, 1) to (4, 1)
  E can move from (3, 1) to (3, 2)
after minute 13, E is at pos (3, 2)
  we found a circle!
after minute 13, E is at pos (4, 1)
  we found a circle!
after minute 10, E is at pos (1, 1)
  we found a circle!
after minute 9, E is at pos (1, 2)
  we found a circle!
after minute 2, E is at pos (1, 1)
  E can move from (1, 1) to (1, 2)
after minute 3, E is at pos (1, 2)
  we found a circle!
after minute 1, E is at pos (1, 0)
  E can move from (1, 0) to (1, 1)
  E can stay at (1, 0)
after minute 2, E is at pos (1, 1)
  we found a circle!
after minute 2, E is at pos (1, 0)
  E can stay at (1, 0)
after minute 3, E is at pos (1, 0)
  E can move from (1, 0) to (1, 1)
  E can stay at (1, 0)
after minute 4, E is at pos (1, 1)
  we found a circle!
after minute 4, E is at pos (1, 0)
  E can stay at (1, 0)
after minute 5, E is at pos (1, 0)
  E can stay at (1, 0)
after minute 6, E is at pos (1, 0)
  E can move from (1, 0) to (1, 1)
  E can stay at (1, 0)
after minute 7, E is at pos (1, 1)
  we found a circle!
after minute 7, E is at pos (1, 0)
  E can move from (1, 0) to (1, 1)
  E can stay at (1, 0)
after minute 8, E is at pos (1, 1)
  we found a circle!
after minute 8, E is at pos (1, 0)
  E can stay at (1, 0)
after minute 9, E is at pos (1, 0)
  E can move from (1, 0) to (1, 1)
  E can stay at (1, 0)
after minute 10, E is at pos (1, 1)
  we found a circle!
after minute 10, E is at pos (1, 0)
  E can stay at (1, 0)
after minute 11, E is at pos (1, 0)
  E can stay at (1, 0)
after minute 12, E is at pos (1, 0)
  we found a circle!
after minute 0, E is at pos (1, 0)
  E can move from (1, 0) to (1, 1)
  E can stay at (1, 0)
after minute 1, E is at pos (1, 1)
  E can move from (1, 1) to (1, 2)
  E can stay at (1, 1)
after minute 2, E is at pos (1, 2)
  E can stay at (1, 2)
after minute 3, E is at pos (1, 2)
  E can move from (1, 2) to (1, 1)
after minute 4, E is at pos (1, 1)
  E can move from (1, 1) to (2, 1)
after minute 5, E is at pos (2, 1)
  E can move from (2, 1) to (3, 1)
after minute 6, E is at pos (3, 1)
  E can move from (3, 1) to (3, 2)
after minute 7, E is at pos (3, 2)
  E can move from (3, 2) to (2, 2)
after minute 8, E is at pos (2, 2)
  E can move from (2, 2) to (1, 2)
  E can move from (2, 2) to (2, 1)
after minute 9, E is at pos (2, 1)
  E can move from (2, 1) to (1, 1)
  E can move from (2, 1) to (3, 1)
after minute 10, E is at pos (3, 1)
  E can stay at (3, 1)
after minute 11, E is at pos (3, 1)
  E can move from (3, 1) to (3, 2)
  E can stay at (3, 1)
after minute 12, E is at pos (3, 2)
  E can move from (3, 2) to (2, 2)
  E can move from (3, 2) to (3, 3)
  E can stay at (3, 2)
after minute 13, E is at pos (3, 3)
  E can move from (3, 3) to (4, 3)
  E can move from (3, 3) to (3, 4)
after minute 14, E is at pos (4, 3)
  E can move from (4, 3) to (5, 3)
  E can move from (4, 3) to (4, 2)
after minute 15, E is at pos (5, 3)
  E can move from (5, 3) to (6, 3)
  E can move from (5, 3) to (5, 2)
after minute 16, E is at pos (6, 3)
  E can move from (6, 3) to (6, 4)
after minute 17, E is at pos (6, 4)
  E can move from (6, 4) to (5, 4)
after minute 18, E is at pos (5, 4)
  This path will take longer than our current solution, let's kill it
after minute 16, E is at pos (5, 2)
  This path will take longer than our current solution, let's kill it
after minute 15, E is at pos (4, 2)
  This path will take longer than our current solution, let's kill it
after minute 14, E is at pos (3, 4)
  E can move from (3, 4) to (2, 4)
after minute 15, E is at pos (2, 4)
  This path will take longer than our current solution, let's kill it
after minute 13, E is at pos (3, 2)
  dead end: there is no options for position (3, 2) at minute 14
after minute 13, E is at pos (2, 2)
  This path will take longer than our current solution, let's kill it
after minute 12, E is at pos (3, 1)
  E can move from (3, 1) to (4, 1)
  E can move from (3, 1) to (3, 2)
after minute 13, E is at pos (3, 2)
  we found a circle!
after minute 13, E is at pos (4, 1)
  E can move from (4, 1) to (5, 1)
after minute 14, E is at pos (5, 1)
  E can move from (5, 1) to (6, 1)
after minute 15, E is at pos (6, 1)
  E can move from (6, 1) to (6, 2)
after minute 16, E is at pos (6, 2)
  E can move from (6, 2) to (5, 2)
after minute 17, E is at pos (5, 2)
  This path will take longer than our current solution, let's kill it
after minute 10, E is at pos (1, 1)
  dead end: there is no options for position (1, 1) at minute 11
after minute 9, E is at pos (1, 2)
  E can move from (1, 2) to (1, 1)
after minute 10, E is at pos (1, 1)
  we found a circle!
after minute 2, E is at pos (1, 1)
  E can move from (1, 1) to (1, 2)
after minute 3, E is at pos (1, 2)
  we found a circle!
after minute 1, E is at pos (1, 0)
  E can move from (1, 0) to (1, 1)
  E can stay at (1, 0)
after minute 2, E is at pos (1, 1)
  we found a circle!
after minute 2, E is at pos (1, 0)
  E can stay at (1, 0)
after minute 3, E is at pos (1, 0)
  E can move from (1, 0) to (1, 1)
  E can stay at (1, 0)
after minute 4, E is at pos (1, 1)
  we found a circle!
after minute 4, E is at pos (1, 0)
  E can stay at (1, 0)
after minute 5, E is at pos (1, 0)
  E can stay at (1, 0)
after minute 6, E is at pos (1, 0)
  E can move from (1, 0) to (1, 1)
  E can stay at (1, 0)
after minute 7, E is at pos (1, 1)
  E can move from (1, 1) to (1, 2)
  E can stay at (1, 1)
after minute 8, E is at pos (1, 2)
  E can stay at (1, 2)
after minute 9, E is at pos (1, 2)
  we found a circle!
after minute 8, E is at pos (1, 1)
  E can move from (1, 1) to (2, 1)
  E can move from (1, 1) to (1, 2)
after minute 9, E is at pos (2, 1)
  we found a circle!
after minute 9, E is at pos (1, 2)
  we found a circle!
after minute 7, E is at pos (1, 0)
  E can move from (1, 0) to (1, 1)
  E can stay at (1, 0)
after minute 8, E is at pos (1, 1)
  we found a circle!
after minute 8, E is at pos (1, 0)
  E can stay at (1, 0)
after minute 9, E is at pos (1, 0)
  E can move from (1, 0) to (1, 1)
  E can stay at (1, 0)
after minute 10, E is at pos (1, 1)
  we found a circle!
after minute 10, E is at pos (1, 0)
  This path will take longer than our current solution, let's kill it
after minute 0, E is at pos (1, 0)
  E can move from (1, 0) to (1, 1)
  E can stay at (1, 0)
after minute 1, E is at pos (1, 1)
  E can move from (1, 1) to (1, 2)
  E can stay at (1, 1)
after minute 2, E is at pos (1, 2)
  E can stay at (1, 2)
after minute 3, E is at pos (1, 2)
  E can move from (1, 2) to (1, 1)
after minute 4, E is at pos (1, 1)
  E can move from (1, 1) to (2, 1)
after minute 5, E is at pos (2, 1)
  E can move from (2, 1) to (3, 1)
after minute 6, E is at pos (3, 1)
  E can move from (3, 1) to (3, 2)
after minute 7, E is at pos (3, 2)
  E can move from (3, 2) to (2, 2)
after minute 8, E is at pos (2, 2)
  E can move from (2, 2) to (1, 2)
  E can move from (2, 2) to (2, 1)
after minute 9, E is at pos (2, 1)
  E can move from (2, 1) to (1, 1)
  E can move from (2, 1) to (3, 1)
after minute 10, E is at pos (3, 1)
  E can stay at (3, 1)
after minute 11, E is at pos (3, 1)
  E can move from (3, 1) to (3, 2)
  E can stay at (3, 1)
after minute 12, E is at pos (3, 2)
  E can move from (3, 2) to (2, 2)
  E can move from (3, 2) to (3, 3)
  E can stay at (3, 2)
after minute 13, E is at pos (3, 3)
  E can move from (3, 3) to (4, 3)
  E can move from (3, 3) to (3, 4)
after minute 14, E is at pos (4, 3)
  E can move from (4, 3) to (5, 3)
  E can move from (4, 3) to (4, 2)
after minute 15, E is at pos (5, 3)
  E can move from (5, 3) to (6, 3)
  E can move from (5, 3) to (5, 2)
after minute 16, E is at pos (6, 3)
  E can move from (6, 3) to (6, 4)
after minute 17, E is at pos (6, 4)
  E can move from (6, 4) to (5, 4)
after minute 18, E is at pos (5, 4)
  E can move from (5, 4) to (4, 4)
  E can stay at (5, 4)
after minute 19, E is at pos (5, 4)
  E can move from (5, 4) to (6, 4)
  E can move from (5, 4) to (5, 3)
after minute 20, E is at pos (6, 4)
  E can move from (6, 4) to (6, 3)
  E can stay at (6, 4)
after minute 21, E is at pos (6, 4)
  This path will take longer than our current solution, let's kill it
after minute 21, E is at pos (6, 3)
  This path will take longer than our current solution, let's kill it
after minute 20, E is at pos (5, 3)
  This path will take longer than our current solution, let's kill it
after minute 19, E is at pos (4, 4)
  This path will take longer than our current solution, let's kill it
after minute 16, E is at pos (5, 2)
  E can move from (5, 2) to (4, 2)
  E can stay at (5, 2)
after minute 17, E is at pos (5, 2)
  E can move from (5, 2) to (5, 1)
after minute 18, E is at pos (5, 1)
  This path will take longer than our current solution, let's kill it
after minute 17, E is at pos (4, 2)
  This path will take longer than our current solution, let's kill it
after minute 15, E is at pos (4, 2)
  E can move from (4, 2) to (3, 2)
  E can move from (4, 2) to (5, 2)
  E can move from (4, 2) to (4, 1)
after minute 16, E is at pos (5, 2)
  we found a circle!
after minute 16, E is at pos (3, 2)
  This path will take longer than our current solution, let's kill it
after minute 16, E is at pos (4, 1)
  This path will take longer than our current solution, let's kill it
after minute 14, E is at pos (3, 4)
  E can move from (3, 4) to (2, 4)
after minute 15, E is at pos (2, 4)
  E can move from (2, 4) to (1, 4)
after minute 16, E is at pos (1, 4)
  This path will take longer than our current solution, let's kill it
after minute 13, E is at pos (3, 2)
  dead end: there is no options for position (3, 2) at minute 14
after minute 13, E is at pos (2, 2)
  E can move from (2, 2) to (1, 2)
after minute 14, E is at pos (1, 2)
  This path will take longer than our current solution, let's kill it
after minute 12, E is at pos (3, 1)
  E can move from (3, 1) to (4, 1)
  E can move from (3, 1) to (3, 2)
after minute 13, E is at pos (3, 2)
  we found a circle!
after minute 13, E is at pos (4, 1)
  E can move from (4, 1) to (5, 1)
after minute 14, E is at pos (5, 1)
  E can move from (5, 1) to (6, 1)
after minute 15, E is at pos (6, 1)
  E can move from (6, 1) to (6, 2)
after minute 16, E is at pos (6, 2)
  E can move from (6, 2) to (5, 2)
after minute 17, E is at pos (5, 2)
  we found a circle!
after minute 10, E is at pos (1, 1)
  dead end: there is no options for position (1, 1) at minute 11
after minute 9, E is at pos (1, 2)
  E can move from (1, 2) to (1, 1)
after minute 10, E is at pos (1, 1)
  we found a circle!
after minute 2, E is at pos (1, 1)
  E can move from (1, 1) to (1, 2)
after minute 3, E is at pos (1, 2)
  we found a circle!
after minute 1, E is at pos (1, 0)
  E can move from (1, 0) to (1, 1)
  E can stay at (1, 0)
after minute 2, E is at pos (1, 1)
  we found a circle!
after minute 2, E is at pos (1, 0)
  E can stay at (1, 0)
after minute 3, E is at pos (1, 0)
  E can move from (1, 0) to (1, 1)
  E can stay at (1, 0)
after minute 4, E is at pos (1, 1)
  we found a circle!
after minute 4, E is at pos (1, 0)
  E can stay at (1, 0)
after minute 5, E is at pos (1, 0)
  E can stay at (1, 0)
after minute 6, E is at pos (1, 0)
  E can move from (1, 0) to (1, 1)
  E can stay at (1, 0)
after minute 7, E is at pos (1, 1)
  E can move from (1, 1) to (1, 2)
  E can stay at (1, 1)
after minute 8, E is at pos (1, 2)
  E can stay at (1, 2)
after minute 9, E is at pos (1, 2)
  we found a circle!
after minute 8, E is at pos (1, 1)
  E can move from (1, 1) to (2, 1)
  E can move from (1, 1) to (1, 2)
after minute 9, E is at pos (2, 1)
  we found a circle!
after minute 9, E is at pos (1, 2)
  we found a circle!
after minute 7, E is at pos (1, 0)
  E can move from (1, 0) to (1, 1)
  E can stay at (1, 0)
after minute 8, E is at pos (1, 1)
  we found a circle!
after minute 8, E is at pos (1, 0)
  E can stay at (1, 0)
after minute 9, E is at pos (1, 0)
  E can move from (1, 0) to (1, 1)
  E can stay at (1, 0)
after minute 10, E is at pos (1, 1)
  we found a circle!
after minute 10, E is at pos (1, 0)
  E can stay at (1, 0)
after minute 11, E is at pos (1, 0)
  E can stay at (1, 0)
after minute 12, E is at pos (1, 0)
  This path will take longer than our current solution, let's kill it
after minute 0, E is at pos (1, 0)
  E can move from (1, 0) to (1, 1)
  E can stay at (1, 0)
after minute 1, E is at pos (1, 1)
  E can move from (1, 1) to (1, 2)
  E can stay at (1, 1)
after minute 2, E is at pos (1, 2)
  E can stay at (1, 2)
after minute 3, E is at pos (1, 2)
  E can move from (1, 2) to (1, 1)
after minute 4, E is at pos (1, 1)
  E can move from (1, 1) to (2, 1)
after minute 5, E is at pos (2, 1)
  E can move from (2, 1) to (3, 1)
after minute 6, E is at pos (3, 1)
  E can move from (3, 1) to (3, 2)
after minute 7, E is at pos (3, 2)
  E can move from (3, 2) to (2, 2)
after minute 8, E is at pos (2, 2)
  E can move from (2, 2) to (1, 2)
  E can move from (2, 2) to (2, 1)
after minute 9, E is at pos (2, 1)
  E can move from (2, 1) to (1, 1)
  E can move from (2, 1) to (3, 1)
after minute 10, E is at pos (3, 1)
  E can stay at (3, 1)
after minute 11, E is at pos (3, 1)
  E can move from (3, 1) to (3, 2)
  E can stay at (3, 1)
after minute 12, E is at pos (3, 2)
  E can move from (3, 2) to (2, 2)
  E can move from (3, 2) to (3, 3)
  E can stay at (3, 2)
after minute 13, E is at pos (3, 3)
  E can move from (3, 3) to (4, 3)
  E can move from (3, 3) to (3, 4)
after minute 14, E is at pos (4, 3)
  E can move from (4, 3) to (5, 3)
  E can move from (4, 3) to (4, 2)
after minute 15, E is at pos (5, 3)
  E can move from (5, 3) to (6, 3)
  E can move from (5, 3) to (5, 2)
after minute 16, E is at pos (6, 3)
  E can move from (6, 3) to (6, 4)
after minute 17, E is at pos (6, 4)
  E can move from (6, 4) to (5, 4)
after minute 18, E is at pos (5, 4)
  E can move from (5, 4) to (4, 4)
  E can stay at (5, 4)
after minute 19, E is at pos (5, 4)
  E can move from (5, 4) to (6, 4)
  E can move from (5, 4) to (5, 3)
after minute 20, E is at pos (6, 4)
  E can move from (6, 4) to (6, 3)
  E can stay at (6, 4)
after minute 21, E is at pos (6, 4)
  This path will take longer than our current solution, let's kill it
after minute 21, E is at pos (6, 3)
  This path will take longer than our current solution, let's kill it
after minute 20, E is at pos (5, 3)
  This path will take longer than our current solution, let's kill it
after minute 19, E is at pos (4, 4)
  This path will take longer than our current solution, let's kill it
after minute 16, E is at pos (5, 2)
  E can move from (5, 2) to (4, 2)
  E can stay at (5, 2)
after minute 17, E is at pos (5, 2)
  E can move from (5, 2) to (5, 1)
after minute 18, E is at pos (5, 1)
  This path will take longer than our current solution, let's kill it
after minute 17, E is at pos (4, 2)
  This path will take longer than our current solution, let's kill it
after minute 15, E is at pos (4, 2)
  E can move from (4, 2) to (3, 2)
  E can move from (4, 2) to (5, 2)
  E can move from (4, 2) to (4, 1)
after minute 16, E is at pos (5, 2)
  we found a circle!
after minute 16, E is at pos (3, 2)
  This path will take longer than our current solution, let's kill it
after minute 16, E is at pos (4, 1)
  This path will take longer than our current solution, let's kill it
after minute 14, E is at pos (3, 4)
  E can move from (3, 4) to (2, 4)
after minute 15, E is at pos (2, 4)
  E can move from (2, 4) to (1, 4)
after minute 16, E is at pos (1, 4)
  This path will take longer than our current solution, let's kill it
after minute 13, E is at pos (3, 2)
  dead end: there is no options for position (3, 2) at minute 14
after minute 13, E is at pos (2, 2)
  E can move from (2, 2) to (1, 2)
after minute 14, E is at pos (1, 2)
  This path will take longer than our current solution, let's kill it
after minute 12, E is at pos (3, 1)
  E can move from (3, 1) to (4, 1)
  E can move from (3, 1) to (3, 2)
after minute 13, E is at pos (3, 2)
  we found a circle!
after minute 13, E is at pos (4, 1)
  E can move from (4, 1) to (5, 1)
after minute 14, E is at pos (5, 1)
  E can move from (5, 1) to (6, 1)
after minute 15, E is at pos (6, 1)
  E can move from (6, 1) to (6, 2)
after minute 16, E is at pos (6, 2)
  E can move from (6, 2) to (5, 2)
after minute 17, E is at pos (5, 2)
  we found a circle!
after minute 10, E is at pos (1, 1)
  dead end: there is no options for position (1, 1) at minute 11
after minute 9, E is at pos (1, 2)
  E can move from (1, 2) to (1, 1)
after minute 10, E is at pos (1, 1)
  we found a circle!
after minute 2, E is at pos (1, 1)
  E can move from (1, 1) to (1, 2)
after minute 3, E is at pos (1, 2)
  we found a circle!
after minute 1, E is at pos (1, 0)
  E can move from (1, 0) to (1, 1)
  E can stay at (1, 0)
after minute 2, E is at pos (1, 1)
  we found a circle!
after minute 2, E is at pos (1, 0)
  E can stay at (1, 0)
after minute 3, E is at pos (1, 0)
  E can move from (1, 0) to (1, 1)
  E can stay at (1, 0)
after minute 4, E is at pos (1, 1)
  we found a circle!
after minute 4, E is at pos (1, 0)
  E can stay at (1, 0)
after minute 5, E is at pos (1, 0)
  E can stay at (1, 0)
after minute 6, E is at pos (1, 0)
  E can move from (1, 0) to (1, 1)
  E can stay at (1, 0)
after minute 7, E is at pos (1, 1)
  E can move from (1, 1) to (1, 2)
  E can stay at (1, 1)
after minute 8, E is at pos (1, 2)
  E can stay at (1, 2)
after minute 9, E is at pos (1, 2)
  we found a circle!
after minute 8, E is at pos (1, 1)
  E can move from (1, 1) to (2, 1)
  E can move from (1, 1) to (1, 2)
after minute 9, E is at pos (2, 1)
  we found a circle!
after minute 9, E is at pos (1, 2)
  we found a circle!
after minute 7, E is at pos (1, 0)
  E can move from (1, 0) to (1, 1)
  E can stay at (1, 0)
after minute 8, E is at pos (1, 1)
  we found a circle!
after minute 8, E is at pos (1, 0)
  E can stay at (1, 0)
after minute 9, E is at pos (1, 0)
  E can move from (1, 0) to (1, 1)
  E can stay at (1, 0)
after minute 10, E is at pos (1, 1)
  we found a circle!
after minute 10, E is at pos (1, 0)
  E can stay at (1, 0)
after minute 11, E is at pos (1, 0)
  E can stay at (1, 0)
after minute 12, E is at pos (1, 0)
  This path will take longer than our current solution, let's kill it
after minute 1, E is at pos (1, 1)
  E can stay at (1, 1)
after minute 2, E is at pos (1, 1)
  E can move from (1, 1) to (1, 2)
  E can stay at (1, 1)
after minute 3, E is at pos (1, 2)
  E can stay at (1, 2)
after minute 4, E is at pos (1, 2)
  E can move from (1, 2) to (1, 1)
after minute 5, E is at pos (1, 1)
  E can move from (1, 1) to (2, 1)
after minute 6, E is at pos (2, 1)
  E can move from (2, 1) to (3, 1)
after minute 7, E is at pos (3, 1)
  E can move from (3, 1) to (3, 2)
after minute 8, E is at pos (3, 2)
  E can move from (3, 2) to (2, 2)
after minute 9, E is at pos (2, 2)
  E can move from (2, 2) to (1, 2)
  E can move from (2, 2) to (2, 1)
after minute 10, E is at pos (2, 1)
  E can move from (2, 1) to (1, 1)
  E can move from (2, 1) to (3, 1)
after minute 11, E is at pos (3, 1)
  E can stay at (3, 1)
after minute 12, E is at pos (3, 1)
  E can move from (3, 1) to (3, 2)
  E can stay at (3, 1)
after minute 13, E is at pos (3, 2)
  E can move from (3, 2) to (2, 2)
  E can move from (3, 2) to (3, 3)
  E can stay at (3, 2)
after minute 14, E is at pos (3, 3)
  E can move from (3, 3) to (4, 3)
  E can move from (3, 3) to (3, 4)
after minute 15, E is at pos (4, 3)
  E can move from (4, 3) to (5, 3)
  E can move from (4, 3) to (4, 2)
after minute 16, E is at pos (5, 3)
  E can move from (5, 3) to (6, 3)
  E can move from (5, 3) to (5, 2)
after minute 17, E is at pos (6, 3)
  E can move from (6, 3) to (6, 4)
after minute 18, E is at pos (6, 4)
  we found a path in 19min!
after minute 17, E is at pos (5, 2)
  This path will take longer than our current solution, let's kill it
after minute 16, E is at pos (4, 2)
  This path will take longer than our current solution, let's kill it
after minute 15, E is at pos (3, 4)
  This path will take longer than our current solution, let's kill it
after minute 14, E is at pos (3, 2)
  This path will take longer than our current solution, let's kill it
after minute 14, E is at pos (2, 2)
  This path will take longer than our current solution, let's kill it
after minute 13, E is at pos (3, 1)
  This path will take longer than our current solution, let's kill it
after minute 11, E is at pos (1, 1)
  This path will take longer than our current solution, let's kill it
after minute 10, E is at pos (1, 2)
  E can move from (1, 2) to (1, 1)
after minute 11, E is at pos (1, 1)
  This path will take longer than our current solution, let's kill it
after minute 3, E is at pos (1, 1)
  E can move from (1, 1) to (1, 2)
after minute 4, E is at pos (1, 2)
  we found a circle!
  we found a path in 19min!
part 1 took 19
part 2 took inf
  we found a path in 20min!
part 3 took 20
  we found a path in 19min!
part 1 took 19
part 2 took inf
  we found a path in 20min!
part 3 took 20
  we found a path in 19min!
part 1 took 19
part 2 took inf
  we found a path in 20min!
part 3 took 20
after minute 1, E is at pos (1, 1)
  E can move from (1, 1) to (1, 2)
  E can stay at (1, 1)
after minute 2, E is at pos (1, 2)
  E can stay at (1, 2)
after minute 3, E is at pos (1, 2)
  E can move from (1, 2) to (1, 1)
after minute 4, E is at pos (1, 1)
  E can move from (1, 1) to (2, 1)
after minute 5, E is at pos (2, 1)
  E can move from (2, 1) to (3, 1)
after minute 6, E is at pos (3, 1)
  E can move from (3, 1) to (3, 2)
after minute 7, E is at pos (3, 2)
  E can move from (3, 2) to (2, 2)
after minute 8, E is at pos (2, 2)
  E can move from (2, 2) to (1, 2)
  E can move from (2, 2) to (2, 1)
after minute 9, E is at pos (2, 1)
  E can move from (2, 1) to (1, 1)
  E can move from (2, 1) to (3, 1)
after minute 10, E is at pos (3, 1)
  E can stay at (3, 1)
after minute 11, E is at pos (3, 1)
  E can move from (3, 1) to (3, 2)
  E can stay at (3, 1)
after minute 12, E is at pos (3, 2)
  E can move from (3, 2) to (2, 2)
  E can move from (3, 2) to (3, 3)
  E can stay at (3, 2)
after minute 13, E is at pos (3, 3)
  E can move from (3, 3) to (4, 3)
  E can move from (3, 3) to (3, 4)
after minute 14, E is at pos (4, 3)
  E can move from (4, 3) to (5, 3)
  E can move from (4, 3) to (4, 2)
after minute 15, E is at pos (5, 3)
  E can move from (5, 3) to (6, 3)
  E can move from (5, 3) to (5, 2)
after minute 16, E is at pos (6, 3)
  E can move from (6, 3) to (6, 4)
after minute 17, E is at pos (6, 4)
  we found a path in 18min!
after minute 16, E is at pos (5, 2)
  This path will take longer than our current solution, let's kill it
after minute 15, E is at pos (4, 2)
  This path will take longer than our current solution, let's kill it
after minute 14, E is at pos (3, 4)
  This path will take longer than our current solution, let's kill it
after minute 13, E is at pos (3, 2)
  This path will take longer than our current solution, let's kill it
after minute 13, E is at pos (2, 2)
  This path will take longer than our current solution, let's kill it
after minute 12, E is at pos (3, 1)
  This path will take longer than our current solution, let's kill it
after minute 10, E is at pos (1, 1)
  This path will take longer than our current solution, let's kill it
after minute 9, E is at pos (1, 2)
  E can move from (1, 2) to (1, 1)
after minute 10, E is at pos (1, 1)
  This path will take longer than our current solution, let's kill it
after minute 2, E is at pos (1, 1)
  E can move from (1, 1) to (1, 2)
after minute 3, E is at pos (1, 2)
  we found a circle!
  we found a path in 18min!
part 1 took 18
part 2 took inf
  we found a path in 19min!
part 3 took 19
  we found a path in 18min!
part 1 took 18
part 2 took inf
  we found a path in 19min!
part 3 took 19
  we found a path in 18min!
part 1 took 18
part 2 took inf
  we found a path in 19min!
part 3 took 19
  we found a path in 18min!
part 1 took 18
part 2 took inf
  we found a path in 19min!
part 3 took 19
  we found a path in 18min!
part 1 took 18
part 2 took inf
  we found a path in 19min!
part 3 took 19
after minute 1, E is at pos (1, 1)
  E can move from (1, 1) to (1, 2)
  E can stay at (1, 1)
after minute 2, E is at pos (1, 2)
  E can stay at (1, 2)
after minute 3, E is at pos (1, 2)
  E can move from (1, 2) to (1, 1)
after minute 4, E is at pos (1, 1)
  E can move from (1, 1) to (2, 1)
after minute 5, E is at pos (2, 1)
  E can move from (2, 1) to (3, 1)
after minute 6, E is at pos (3, 1)
  E can move from (3, 1) to (3, 2)
after minute 7, E is at pos (3, 2)
  E can move from (3, 2) to (2, 2)
after minute 8, E is at pos (2, 2)
  E can move from (2, 2) to (1, 2)
  E can move from (2, 2) to (2, 1)
after minute 9, E is at pos (1, 2)
  E can move from (1, 2) to (1, 1)
after minute 10, E is at pos (1, 1)
  dead end: there is no options for position (1, 1) at minute 11
after minute 9, E is at pos (2, 1)
  E can move from (2, 1) to (1, 1)
  E can move from (2, 1) to (3, 1)
after minute 10, E is at pos (3, 1)
  E can stay at (3, 1)
after minute 11, E is at pos (3, 1)
  E can move from (3, 1) to (3, 2)
  E can stay at (3, 1)
after minute 12, E is at pos (3, 2)
  E can move from (3, 2) to (2, 2)
  E can move from (3, 2) to (3, 3)
  E can stay at (3, 2)
after minute 13, E is at pos (3, 3)
  E can move from (3, 3) to (4, 3)
  E can move from (3, 3) to (3, 4)
after minute 14, E is at pos (4, 3)
  E can move from (4, 3) to (5, 3)
  E can move from (4, 3) to (4, 2)
after minute 15, E is at pos (5, 3)
  E can move from (5, 3) to (6, 3)
  E can move from (5, 3) to (5, 2)
after minute 16, E is at pos (6, 3)
  E can move from (6, 3) to (6, 4)
after minute 17, E is at pos (6, 4)
  we found a path in 18min!
after minute 16, E is at pos (5, 2)
  This path will take longer than our current solution, let's kill it
after minute 15, E is at pos (4, 2)
  This path will take longer than our current solution, let's kill it
after minute 14, E is at pos (3, 4)
  This path will take longer than our current solution, let's kill it
after minute 13, E is at pos (3, 2)
  This path will take longer than our current solution, let's kill it
after minute 13, E is at pos (2, 2)
  This path will take longer than our current solution, let's kill it
after minute 12, E is at pos (3, 1)
  This path will take longer than our current solution, let's kill it
after minute 10, E is at pos (1, 1)
  This path will take longer than our current solution, let's kill it
after minute 2, E is at pos (1, 1)
  E can move from (1, 1) to (1, 2)
after minute 3, E is at pos (1, 2)
  we found a circle!
  we found a path in 18min!
part 1 took 18
part 2 took inf
  we found a path in 19min!
part 3 took 19
  we found a path in 18min!
part 1 took 18
part 2 took inf
  we found a path in 19min!
part 3 took 19
